<?xml version="1.0" encoding="UTF-8"?>
<!-- Generated by org.testng.reporters.JUnitReportReporter -->
<testsuite skipped="0" hostname="LAPTOP-I0MOTV11" name="Sprint_2.PracticeScript.FlpSearch" tests="1" failures="0" timestamp="2021-05-19T11:40:14 IST" time="41.262" errors="0">
  <testcase name="TestFlipkartSearch" time="41.262" classname="Sprint_2.PracticeScript.FlpSearch"/>
  <system-out/>
</testsuite> <!-- Sprint_2.PracticeScript.FlpSearch -->
