<?xml version="1.0" encoding="UTF-8"?>
<!-- Generated by org.testng.reporters.JUnitReportReporter -->
<testsuite skipped="0" hostname="LAPTOP-I0MOTV11" name="Sprint_2.PracticeScript.FlpMouseOver" tests="1" failures="0" timestamp="2021-05-24T18:22:15 IST" time="16.012" errors="0">
  <testcase name="MouseIverSelect" time="16.012" classname="Sprint_2.PracticeScript.FlpMouseOver"/>
  <system-out/>
</testsuite> <!-- Sprint_2.PracticeScript.FlpMouseOver -->
